[00:56:02] [main/INFO] [LaunchWrapper]: Loading tweak class name cpw.mods.fml.common.launcher.FMLTweaker
[00:56:02] [main/INFO] [LaunchWrapper]: Using primary tweak class name cpw.mods.fml.common.launcher.FMLTweaker
[00:56:02] [main/INFO] [LaunchWrapper]: Calling tweak class cpw.mods.fml.common.launcher.FMLTweaker
[00:56:54] [main/INFO] [LaunchWrapper]: Loading tweak class name cpw.mods.fml.common.launcher.FMLTweaker
[00:56:54] [main/INFO] [LaunchWrapper]: Using primary tweak class name cpw.mods.fml.common.launcher.FMLTweaker
[00:56:54] [main/INFO] [LaunchWrapper]: Calling tweak class cpw.mods.fml.common.launcher.FMLTweaker
[01:03:32] [main/INFO] [LaunchWrapper]: Loading tweak class name cpw.mods.fml.common.launcher.FMLTweaker
[01:03:32] [main/INFO] [LaunchWrapper]: Using primary tweak class name cpw.mods.fml.common.launcher.FMLTweaker
[01:03:32] [main/INFO] [LaunchWrapper]: Calling tweak class cpw.mods.fml.common.launcher.FMLTweaker
[01:05:12] [main/INFO] [LaunchWrapper]: Loading tweak class name cpw.mods.fml.common.launcher.FMLTweaker
[01:05:12] [main/INFO] [LaunchWrapper]: Using primary tweak class name cpw.mods.fml.common.launcher.FMLTweaker
[01:05:12] [main/INFO] [LaunchWrapper]: Calling tweak class cpw.mods.fml.common.launcher.FMLTweaker
[01:08:37] [main/INFO] [GradleStart]: userProperties: {}
[01:08:37] [main/INFO] [GradleStart]: accessToken: whatever
[01:08:37] [main/INFO] [GradleStart]: version: 1.7
[01:08:37] [main/INFO] [GradleStart]: Extra: [--tweakClass, cpw.mods.fml.common.launcher.FMLTweaker]
[01:08:37] [main/INFO] [GradleStart]: Running with arguments: [--userProperties, {}, --assetsDir, C:/Users/Matt/.gradle/caches/minecraft/assets, --assetIndex, 1.7.10, --accessToken, {REDACTED}, --version, 1.7, --tweakClass, cpw.mods.fml.common.launcher.FMLTweaker, --tweakClass, cpw.mods.fml.common.launcher.FMLTweaker, --tweakClass, net.minecraftforge.gradle.tweakers.CoremodTweaker]
[01:08:37] [main/INFO] [LaunchWrapper]: Loading tweak class name cpw.mods.fml.common.launcher.FMLTweaker
[01:08:37] [main/INFO] [LaunchWrapper]: Using primary tweak class name cpw.mods.fml.common.launcher.FMLTweaker
[01:08:37] [main/WARN] [LaunchWrapper]: Tweak class name cpw.mods.fml.common.launcher.FMLTweaker has already been visited -- skipping
[01:08:37] [main/INFO] [LaunchWrapper]: Loading tweak class name net.minecraftforge.gradle.tweakers.CoremodTweaker
[01:08:37] [main/INFO] [LaunchWrapper]: Calling tweak class cpw.mods.fml.common.launcher.FMLTweaker
[02:06:18] [main/INFO] [GradleStart]: userProperties: {}
[02:06:18] [main/INFO] [GradleStart]: accessToken: whatever
[02:06:18] [main/INFO] [GradleStart]: version: 1.7
[02:06:18] [main/INFO] [GradleStart]: Extra: [--tweakClass, cpw.mods.fml.common.launcher.FMLTweaker]
[02:06:18] [main/INFO] [GradleStart]: Running with arguments: [--userProperties, {}, --assetsDir, C:/Users/Matt/.gradle/caches/minecraft/assets, --assetIndex, 1.7.10, --accessToken, {REDACTED}, --version, 1.7, --tweakClass, cpw.mods.fml.common.launcher.FMLTweaker, --tweakClass, cpw.mods.fml.common.launcher.FMLTweaker, --tweakClass, net.minecraftforge.gradle.tweakers.CoremodTweaker]
[02:06:18] [main/INFO] [LaunchWrapper]: Loading tweak class name cpw.mods.fml.common.launcher.FMLTweaker
[02:06:18] [main/INFO] [LaunchWrapper]: Using primary tweak class name cpw.mods.fml.common.launcher.FMLTweaker
[02:06:18] [main/WARN] [LaunchWrapper]: Tweak class name cpw.mods.fml.common.launcher.FMLTweaker has already been visited -- skipping
[02:06:18] [main/INFO] [LaunchWrapper]: Loading tweak class name net.minecraftforge.gradle.tweakers.CoremodTweaker
[02:06:18] [main/INFO] [LaunchWrapper]: Calling tweak class cpw.mods.fml.common.launcher.FMLTweaker
[02:09:05] [main/INFO] [GradleStart]: userProperties: {}
[02:09:05] [main/INFO] [GradleStart]: accessToken: whatever
[02:09:05] [main/INFO] [GradleStart]: version: 1.7
[02:09:05] [main/INFO] [GradleStart]: Extra: [--tweakClass, cpw.mods.fml.common.launcher.FMLTweaker]
[02:09:05] [main/INFO] [GradleStart]: Running with arguments: [--userProperties, {}, --assetsDir, C:/Users/Matt/.gradle/caches/minecraft/assets, --assetIndex, 1.7.10, --accessToken, {REDACTED}, --version, 1.7, --tweakClass, cpw.mods.fml.common.launcher.FMLTweaker, --tweakClass, cpw.mods.fml.common.launcher.FMLTweaker, --tweakClass, net.minecraftforge.gradle.tweakers.CoremodTweaker]
[02:09:05] [main/INFO] [LaunchWrapper]: Loading tweak class name cpw.mods.fml.common.launcher.FMLTweaker
[02:09:05] [main/INFO] [LaunchWrapper]: Using primary tweak class name cpw.mods.fml.common.launcher.FMLTweaker
[02:09:05] [main/WARN] [LaunchWrapper]: Tweak class name cpw.mods.fml.common.launcher.FMLTweaker has already been visited -- skipping
[02:09:05] [main/INFO] [LaunchWrapper]: Loading tweak class name net.minecraftforge.gradle.tweakers.CoremodTweaker
[02:09:05] [main/INFO] [LaunchWrapper]: Calling tweak class cpw.mods.fml.common.launcher.FMLTweaker
[02:25:00] [main/INFO] [GradleStart]: userProperties: {}
[02:25:00] [main/INFO] [GradleStart]: accessToken: whatever
[02:25:00] [main/INFO] [GradleStart]: version: 1.7
[02:25:00] [main/INFO] [GradleStart]: Extra: [--tweakClass, cpw.mods.fml.common.launcher.FMLTweaker]
[02:25:00] [main/INFO] [GradleStart]: Running with arguments: [--userProperties, {}, --assetsDir, C:/Users/Matt/.gradle/caches/minecraft/assets, --assetIndex, 1.7.10, --accessToken, {REDACTED}, --version, 1.7, --tweakClass, cpw.mods.fml.common.launcher.FMLTweaker, --tweakClass, cpw.mods.fml.common.launcher.FMLTweaker, --tweakClass, net.minecraftforge.gradle.tweakers.CoremodTweaker]
[02:25:00] [main/INFO] [LaunchWrapper]: Loading tweak class name cpw.mods.fml.common.launcher.FMLTweaker
[02:25:00] [main/INFO] [LaunchWrapper]: Using primary tweak class name cpw.mods.fml.common.launcher.FMLTweaker
[02:25:00] [main/WARN] [LaunchWrapper]: Tweak class name cpw.mods.fml.common.launcher.FMLTweaker has already been visited -- skipping
[02:25:00] [main/INFO] [LaunchWrapper]: Loading tweak class name net.minecraftforge.gradle.tweakers.CoremodTweaker
[02:25:00] [main/INFO] [LaunchWrapper]: Calling tweak class cpw.mods.fml.common.launcher.FMLTweaker
[18:05:37] [main/INFO] [GradleStart]: userProperties: {}
[18:05:37] [main/INFO] [GradleStart]: accessToken: whatever
[18:05:37] [main/INFO] [GradleStart]: version: 1.7
[18:05:37] [main/INFO] [GradleStart]: Extra: [--tweakClass, cpw.mods.fml.common.launcher.FMLTweaker]
[18:05:37] [main/INFO] [GradleStart]: Running with arguments: [--userProperties, {}, --assetsDir, C:/Users/Matt/.gradle/caches/minecraft/assets, --assetIndex, 1.7.10, --accessToken, {REDACTED}, --version, 1.7, --tweakClass, cpw.mods.fml.common.launcher.FMLTweaker, --tweakClass, cpw.mods.fml.common.launcher.FMLTweaker, --tweakClass, net.minecraftforge.gradle.tweakers.CoremodTweaker]
[18:05:37] [main/INFO] [LaunchWrapper]: Loading tweak class name cpw.mods.fml.common.launcher.FMLTweaker
[18:05:37] [main/INFO] [LaunchWrapper]: Using primary tweak class name cpw.mods.fml.common.launcher.FMLTweaker
[18:05:37] [main/WARN] [LaunchWrapper]: Tweak class name cpw.mods.fml.common.launcher.FMLTweaker has already been visited -- skipping
[18:05:37] [main/INFO] [LaunchWrapper]: Loading tweak class name net.minecraftforge.gradle.tweakers.CoremodTweaker
[18:05:37] [main/INFO] [LaunchWrapper]: Calling tweak class cpw.mods.fml.common.launcher.FMLTweaker
[00:07:09] [main/INFO] [GradleStart]: userProperties: {}
[00:07:09] [main/INFO] [GradleStart]: accessToken: whatever
[00:07:09] [main/INFO] [GradleStart]: version: 1.7
[00:07:09] [main/INFO] [GradleStart]: Extra: [--tweakClass, cpw.mods.fml.common.launcher.FMLTweaker]
[00:07:09] [main/INFO] [GradleStart]: Running with arguments: [--userProperties, {}, --assetsDir, C:/Users/Matt/.gradle/caches/minecraft/assets, --assetIndex, 1.7.10, --accessToken, {REDACTED}, --version, 1.7, --tweakClass, cpw.mods.fml.common.launcher.FMLTweaker, --tweakClass, cpw.mods.fml.common.launcher.FMLTweaker, --tweakClass, net.minecraftforge.gradle.tweakers.CoremodTweaker]
[00:07:09] [main/INFO] [LaunchWrapper]: Loading tweak class name cpw.mods.fml.common.launcher.FMLTweaker
[00:07:09] [main/INFO] [LaunchWrapper]: Using primary tweak class name cpw.mods.fml.common.launcher.FMLTweaker
[00:07:09] [main/WARN] [LaunchWrapper]: Tweak class name cpw.mods.fml.common.launcher.FMLTweaker has already been visited -- skipping
[00:07:09] [main/INFO] [LaunchWrapper]: Loading tweak class name net.minecraftforge.gradle.tweakers.CoremodTweaker
[00:07:09] [main/INFO] [LaunchWrapper]: Calling tweak class cpw.mods.fml.common.launcher.FMLTweaker
[00:09:33] [main/INFO] [GradleStart]: userProperties: {}
[00:09:33] [main/INFO] [GradleStart]: accessToken: whatever
[00:09:33] [main/INFO] [GradleStart]: version: 1.7
[00:09:33] [main/INFO] [GradleStart]: Extra: [--tweakClass, cpw.mods.fml.common.launcher.FMLTweaker]
[00:09:33] [main/INFO] [GradleStart]: Running with arguments: [--userProperties, {}, --assetsDir, C:/Users/Matt/.gradle/caches/minecraft/assets, --assetIndex, 1.7.10, --accessToken, {REDACTED}, --version, 1.7, --tweakClass, cpw.mods.fml.common.launcher.FMLTweaker, --tweakClass, cpw.mods.fml.common.launcher.FMLTweaker, --tweakClass, net.minecraftforge.gradle.tweakers.CoremodTweaker]
[00:09:33] [main/INFO] [LaunchWrapper]: Loading tweak class name cpw.mods.fml.common.launcher.FMLTweaker
[00:09:33] [main/INFO] [LaunchWrapper]: Using primary tweak class name cpw.mods.fml.common.launcher.FMLTweaker
[00:09:33] [main/WARN] [LaunchWrapper]: Tweak class name cpw.mods.fml.common.launcher.FMLTweaker has already been visited -- skipping
[00:09:33] [main/INFO] [LaunchWrapper]: Loading tweak class name net.minecraftforge.gradle.tweakers.CoremodTweaker
[00:09:33] [main/INFO] [LaunchWrapper]: Calling tweak class cpw.mods.fml.common.launcher.FMLTweaker
[00:38:55] [main/INFO] [GradleStart]: userProperties: {}
[00:38:55] [main/INFO] [GradleStart]: accessToken: whatever
[00:38:55] [main/INFO] [GradleStart]: version: 1.7
[00:38:55] [main/INFO] [GradleStart]: Extra: [--tweakClass, cpw.mods.fml.common.launcher.FMLTweaker]
[00:38:55] [main/INFO] [GradleStart]: Running with arguments: [--userProperties, {}, --assetsDir, C:/Users/Matt/.gradle/caches/minecraft/assets, --assetIndex, 1.7.10, --accessToken, {REDACTED}, --version, 1.7, --tweakClass, cpw.mods.fml.common.launcher.FMLTweaker, --tweakClass, cpw.mods.fml.common.launcher.FMLTweaker, --tweakClass, net.minecraftforge.gradle.tweakers.CoremodTweaker]
[00:38:55] [main/INFO] [LaunchWrapper]: Loading tweak class name cpw.mods.fml.common.launcher.FMLTweaker
[00:38:55] [main/INFO] [LaunchWrapper]: Using primary tweak class name cpw.mods.fml.common.launcher.FMLTweaker
[00:38:55] [main/WARN] [LaunchWrapper]: Tweak class name cpw.mods.fml.common.launcher.FMLTweaker has already been visited -- skipping
[00:38:55] [main/INFO] [LaunchWrapper]: Loading tweak class name net.minecraftforge.gradle.tweakers.CoremodTweaker
[00:38:55] [main/INFO] [LaunchWrapper]: Calling tweak class cpw.mods.fml.common.launcher.FMLTweaker
[00:39:29] [main/INFO] [GradleStart]: userProperties: {}
[00:39:29] [main/INFO] [GradleStart]: accessToken: whatever
[00:39:29] [main/INFO] [GradleStart]: version: 1.7
[00:39:29] [main/INFO] [GradleStart]: Extra: [--tweakClass, cpw.mods.fml.common.launcher.FMLTweaker]
[00:39:29] [main/INFO] [GradleStart]: Running with arguments: [--userProperties, {}, --assetsDir, C:/Users/Matt/.gradle/caches/minecraft/assets, --assetIndex, 1.7.10, --accessToken, {REDACTED}, --version, 1.7, --tweakClass, cpw.mods.fml.common.launcher.FMLTweaker, --tweakClass, cpw.mods.fml.common.launcher.FMLTweaker, --tweakClass, net.minecraftforge.gradle.tweakers.CoremodTweaker]
[00:39:29] [main/INFO] [LaunchWrapper]: Loading tweak class name cpw.mods.fml.common.launcher.FMLTweaker
[00:39:29] [main/INFO] [LaunchWrapper]: Using primary tweak class name cpw.mods.fml.common.launcher.FMLTweaker
[00:39:29] [main/WARN] [LaunchWrapper]: Tweak class name cpw.mods.fml.common.launcher.FMLTweaker has already been visited -- skipping
[00:39:29] [main/INFO] [LaunchWrapper]: Loading tweak class name net.minecraftforge.gradle.tweakers.CoremodTweaker
[00:39:29] [main/INFO] [LaunchWrapper]: Calling tweak class cpw.mods.fml.common.launcher.FMLTweaker
[00:40:51] [main/INFO] [GradleStart]: userProperties: {}
[00:40:51] [main/INFO] [GradleStart]: accessToken: whatever
[00:40:51] [main/INFO] [GradleStart]: version: 1.7
[00:40:51] [main/INFO] [GradleStart]: Extra: [--tweakClass, cpw.mods.fml.common.launcher.FMLTweaker]
[00:40:51] [main/INFO] [GradleStart]: Running with arguments: [--userProperties, {}, --assetsDir, C:/Users/Matt/.gradle/caches/minecraft/assets, --assetIndex, 1.7.10, --accessToken, {REDACTED}, --version, 1.7, --tweakClass, cpw.mods.fml.common.launcher.FMLTweaker, --tweakClass, cpw.mods.fml.common.launcher.FMLTweaker, --tweakClass, net.minecraftforge.gradle.tweakers.CoremodTweaker]
[00:40:51] [main/INFO] [LaunchWrapper]: Loading tweak class name cpw.mods.fml.common.launcher.FMLTweaker
[00:40:51] [main/INFO] [LaunchWrapper]: Using primary tweak class name cpw.mods.fml.common.launcher.FMLTweaker
[00:40:51] [main/WARN] [LaunchWrapper]: Tweak class name cpw.mods.fml.common.launcher.FMLTweaker has already been visited -- skipping
[00:40:51] [main/INFO] [LaunchWrapper]: Loading tweak class name net.minecraftforge.gradle.tweakers.CoremodTweaker
[00:40:51] [main/INFO] [LaunchWrapper]: Calling tweak class cpw.mods.fml.common.launcher.FMLTweaker
[00:42:21] [main/INFO] [GradleStart]: userProperties: {}
[00:42:21] [main/INFO] [GradleStart]: accessToken: whatever
[00:42:21] [main/INFO] [GradleStart]: version: 1.7
[00:42:21] [main/INFO] [GradleStart]: Extra: [--tweakClass, cpw.mods.fml.common.launcher.FMLTweaker]
[00:42:21] [main/INFO] [GradleStart]: Running with arguments: [--userProperties, {}, --assetsDir, C:/Users/Matt/.gradle/caches/minecraft/assets, --assetIndex, 1.7.10, --accessToken, {REDACTED}, --version, 1.7, --tweakClass, cpw.mods.fml.common.launcher.FMLTweaker, --tweakClass, cpw.mods.fml.common.launcher.FMLTweaker, --tweakClass, net.minecraftforge.gradle.tweakers.CoremodTweaker]
[00:42:21] [main/INFO] [LaunchWrapper]: Loading tweak class name cpw.mods.fml.common.launcher.FMLTweaker
[00:42:21] [main/INFO] [LaunchWrapper]: Using primary tweak class name cpw.mods.fml.common.launcher.FMLTweaker
[00:42:21] [main/WARN] [LaunchWrapper]: Tweak class name cpw.mods.fml.common.launcher.FMLTweaker has already been visited -- skipping
[00:42:21] [main/INFO] [LaunchWrapper]: Loading tweak class name net.minecraftforge.gradle.tweakers.CoremodTweaker
[00:42:21] [main/INFO] [LaunchWrapper]: Calling tweak class cpw.mods.fml.common.launcher.FMLTweaker
[01:05:04] [main/INFO] [GradleStart]: userProperties: {}
[01:05:04] [main/INFO] [GradleStart]: accessToken: whatever
[01:05:04] [main/INFO] [GradleStart]: version: 1.7
[01:05:04] [main/INFO] [GradleStart]: Extra: [--tweakClass, cpw.mods.fml.common.launcher.FMLTweaker]
[01:05:04] [main/INFO] [GradleStart]: Running with arguments: [--userProperties, {}, --assetsDir, C:/Users/Matt/.gradle/caches/minecraft/assets, --assetIndex, 1.7.10, --accessToken, {REDACTED}, --version, 1.7, --tweakClass, cpw.mods.fml.common.launcher.FMLTweaker, --tweakClass, cpw.mods.fml.common.launcher.FMLTweaker, --tweakClass, net.minecraftforge.gradle.tweakers.CoremodTweaker]
[01:05:04] [main/INFO] [LaunchWrapper]: Loading tweak class name cpw.mods.fml.common.launcher.FMLTweaker
[01:05:05] [main/INFO] [LaunchWrapper]: Using primary tweak class name cpw.mods.fml.common.launcher.FMLTweaker
[01:05:05] [main/WARN] [LaunchWrapper]: Tweak class name cpw.mods.fml.common.launcher.FMLTweaker has already been visited -- skipping
[01:05:05] [main/INFO] [LaunchWrapper]: Loading tweak class name net.minecraftforge.gradle.tweakers.CoremodTweaker
[01:05:05] [main/INFO] [LaunchWrapper]: Calling tweak class cpw.mods.fml.common.launcher.FMLTweaker
